Using pre-set license
Built from '2020.3/staging' branch; Version is '2020.3.21f1 (a38c86f6690f) revision 10718342'; Using compiler version '192528614'; Build Type 'Release'
OS: 'Windows 10 Education; OS build 19042.1348; Version 2009; 64bit' Language: 'en' Physical Memory: 16326 MB
BatchMode: 1, IsHumanControllingUs: 0, StartBugReporterOnCrash: 0, Is64bit: 1, IsPro: 0

COMMAND LINE ARGUMENTS:
F:\Unity\Editor\Unity.exe
-adb2
-batchMode
-noUpm
-name
AssetImportWorker0
-projectPath
F:/unity_games/ConveyorBelt 404/Conveyor Belt 404
-logFile
Logs/AssetImportWorker0.log
-srvPort
55115
Successfully changed project path to: F:/unity_games/ConveyorBelt 404/Conveyor Belt 404
F:/unity_games/ConveyorBelt 404/Conveyor Belt 404
Using Asset Import Pipeline V2.
Refreshing native plugins compatible for Editor in 37.46 ms, found 3 plugins.
Preloading 0 native plugins for Editor in 0.00 ms.
Initialize engine version: 2020.3.21f1 (a38c86f6690f)
[Subsystems] Discovering subsystems at path F:/Unity/Editor/Data/Resources/UnitySubsystems
[Subsystems] Discovering subsystems at path F:/unity_games/ConveyorBelt 404/Conveyor Belt 404/Assets
GfxDevice: creating device client; threaded=0
Direct3D:
    Version:  Direct3D 11.0 [level 11.1]
    Renderer: NVIDIA GeForce RTX 2060 SUPER (ID=0x1f06)
    Vendor:   
    VRAM:     8031 MB
    Driver:   30.0.14.7111
Initialize mono
Mono path[0] = 'F:/Unity/Editor/Data/Managed'
Mono path[1] = 'F:/Unity/Editor/Data/MonoBleedingEdge/lib/mono/unityjit'
Mono config path = 'F:/Unity/Editor/Data/MonoBleedingEdge/etc'
Using monoOptions --debugger-agent=transport=dt_socket,embedding=1,server=y,suspend=n,address=127.0.0.1:56452
Begin MonoManager ReloadAssembly
Registering precompiled unity dll's ...
Register platform support module: F:/Unity/Editor/Data/PlaybackEngines/WindowsStandaloneSupport/UnityEditor.WindowsStandalone.Extensions.dll
Registered in 0.000761 seconds.
Native extension for WindowsStandalone target not found
Refreshing native plugins compatible for Editor in 35.29 ms, found 3 plugins.
Preloading 0 native plugins for Editor in 0.00 ms.
Mono: successfully reloaded assembly
- Completed reload, in  0.758 seconds
Domain Reload Profiling:
	ReloadAssembly (758ms)
		BeginReloadAssembly (42ms)
			ExecutionOrderSort (0ms)
			DisableScriptedObjects (0ms)
			BackupInstance (0ms)
			ReleaseScriptingObjects (0ms)
			CreateAndSetChildDomain (1ms)
		EndReloadAssembly (375ms)
			LoadAssemblies (41ms)
			RebuildTransferFunctionScriptingTraits (0ms)
			SetupTypeCache (135ms)
			ReleaseScriptCaches (0ms)
			RebuildScriptCaches (25ms)
			SetupLoadedEditorAssemblies (140ms)
				LogAssemblyErrors (0ms)
				InitializePlatformSupportModulesInManaged (3ms)
				SetLoadedEditorAssemblies (0ms)
				RefreshPlugins (35ms)
				BeforeProcessingInitializeOnLoad (13ms)
				ProcessInitializeOnLoadAttributes (65ms)
				ProcessInitializeOnLoadMethodAttributes (23ms)
				AfterProcessingInitializeOnLoad (0ms)
				EditorAssembliesLoaded (0ms)
			ExecutionOrderSort2 (0ms)
			AwakeInstancesAfterBackupRestoration (0ms)
Platform modules already initialized, skipping
Registering precompiled user dll's ...
Registered in 0.002661 seconds.
Begin MonoManager ReloadAssembly
Native extension for WindowsStandalone target not found
Refreshing native plugins compatible for Editor in 36.02 ms, found 3 plugins.
Preloading 0 native plugins for Editor in 0.00 ms.
Mono: successfully reloaded assembly
- Completed reload, in  0.892 seconds
Domain Reload Profiling:
	ReloadAssembly (893ms)
		BeginReloadAssembly (121ms)
			ExecutionOrderSort (0ms)
			DisableScriptedObjects (4ms)
			BackupInstance (0ms)
			ReleaseScriptingObjects (0ms)
			CreateAndSetChildDomain (14ms)
		EndReloadAssembly (726ms)
			LoadAssemblies (74ms)
			RebuildTransferFunctionScriptingTraits (0ms)
			SetupTypeCache (234ms)
			ReleaseScriptCaches (0ms)
			RebuildScriptCaches (42ms)
			SetupLoadedEditorAssemblies (279ms)
				LogAssemblyErrors (0ms)
				InitializePlatformSupportModulesInManaged (3ms)
				SetLoadedEditorAssemblies (0ms)
				RefreshPlugins (36ms)
				BeforeProcessingInitializeOnLoad (63ms)
				ProcessInitializeOnLoadAttributes (162ms)
				ProcessInitializeOnLoadMethodAttributes (13ms)
				AfterProcessingInitializeOnLoad (2ms)
				EditorAssembliesLoaded (0ms)
			ExecutionOrderSort2 (0ms)
			AwakeInstancesAfterBackupRestoration (5ms)
Platform modules already initialized, skipping
========================================================================
Worker process is ready to serve import requests
Launched and connected shader compiler UnityShaderCompiler.exe after 0.03 seconds
Refreshing native plugins compatible for Editor in 0.41 ms, found 3 plugins.
Preloading 0 native plugins for Editor in 0.00 ms.
Unloading 2187 Unused Serialized files (Serialized files now loaded: 0)
System memory in use before: 95.7 MB.
System memory in use after: 95.7 MB.

Unloading 28 unused Assets to reduce memory usage. Loaded Objects now: 2622.
Total: 3.111900 ms (FindLiveObjects: 0.157300 ms CreateObjectMapping: 0.063200 ms MarkObjects: 2.812500 ms  DeleteObjects: 0.078300 ms)

AssetImportParameters requested are different than current active one (requested -> active):
  custom:framework-win-MediaFoundation: 216162199b28c13a410421893ffa2e32 -> 
  custom:video-decoder-ogg-theora: a1e56fd34408186e4bbccfd4996cb3dc -> 
  custom:container-muxer-webm: aa71ff27fc2769a1b78a27578f13a17b -> 
  custom:container-demuxer-webm: 4f35f7cbe854078d1ac9338744f61a02 -> 
  custom:container-demuxer-ogg: 62fdf1f143b41e24485cea50d1cbac27 -> 
  custom:video-encoder-webm-vp8: eb34c28f22e8b96e1ab97ce403110664 -> 
  custom:video-decoder-webm-vp8: 9c59270c3fd7afecdb556c50c9e8de78 -> 
  custom:audio-decoder-ogg-vorbis: bf7c407c2cedff20999df2af8eb42d56 -> 
  custom:audio-encoder-webm-vorbis: bf7c407c2cedff20999df2af8eb42d56 -> 
========================================================================
Received Import Request.
  path: Assets/Sllipy.physicsMaterial2D
  artifactKey: Guid(9f6fb6fc40213ba41a9d3bf07e353a69) Importer(815301076,1909f56bfc062723c751e8b465ee728b)
Start importing Assets/Sllipy.physicsMaterial2D using Guid(9f6fb6fc40213ba41a9d3bf07e353a69) Importer(815301076,1909f56bfc062723c751e8b465ee728b)  -> (artifact id: 'f3ff7808cdfce5dccb34ed1c5c3155a5') in 0.019295 seconds 
  Import took 0.022077 seconds .

========================================================================
Received Import Request.
  Time since last request: 5.906968 seconds.
  path: Assets/Art/UI
  artifactKey: Guid(4ad3738b2556b1a47a79fd9a576eb412) Importer(815301076,1909f56bfc062723c751e8b465ee728b)
Start importing Assets/Art/UI using Guid(4ad3738b2556b1a47a79fd9a576eb412) Importer(815301076,1909f56bfc062723c751e8b465ee728b)  -> (artifact id: '39f43d9e897ba731c71e25ca2eeeeba0') in 0.001290 seconds 
  Import took 0.004868 seconds .

========================================================================
Received Import Request.
  Time since last request: 9.974617 seconds.
  path: Assets/Art/Structure
  artifactKey: Guid(2b5ab04c0233bf94a8f6ea6a4043a338) Importer(815301076,1909f56bfc062723c751e8b465ee728b)
Start importing Assets/Art/Structure using Guid(2b5ab04c0233bf94a8f6ea6a4043a338) Importer(815301076,1909f56bfc062723c751e8b465ee728b)  -> (artifact id: '250ec8bbd4ebed757ac6684891fef63a') in 0.001534 seconds 
  Import took 0.005152 seconds .

========================================================================
Received Import Request.
  Time since last request: 19.719109 seconds.
  path: Assets/Art/UI/Btns_spritesheet.png
  artifactKey: Guid(977a823796188ee4b9ceaaa2458fb8f3) Importer(815301076,1909f56bfc062723c751e8b465ee728b)
Start importing Assets/Art/UI/Btns_spritesheet.png using Guid(977a823796188ee4b9ceaaa2458fb8f3) Importer(815301076,1909f56bfc062723c751e8b465ee728b)  -> (artifact id: '4456eb5e152b9a4020b1697828dc9857') in 0.056348 seconds 
  Import took 0.059743 seconds .

========================================================================
Received Import Request.
  Time since last request: 6.345424 seconds.
  path: Assets/Art/UI/Btns_spritesheet.png
  artifactKey: Guid(977a823796188ee4b9ceaaa2458fb8f3) Importer(815301076,1909f56bfc062723c751e8b465ee728b)
Start importing Assets/Art/UI/Btns_spritesheet.png using Guid(977a823796188ee4b9ceaaa2458fb8f3) Importer(815301076,1909f56bfc062723c751e8b465ee728b)  -> (artifact id: '2e936733b0d585490a65d270c89776d1') in 0.006112 seconds 
  Import took 0.009373 seconds .

========================================================================
Received Import Request.
  Time since last request: 5.531709 seconds.
  path: Assets/Art/UI/Btns_spritesheet.png
  artifactKey: Guid(977a823796188ee4b9ceaaa2458fb8f3) Importer(815301076,1909f56bfc062723c751e8b465ee728b)
Start importing Assets/Art/UI/Btns_spritesheet.png using Guid(977a823796188ee4b9ceaaa2458fb8f3) Importer(815301076,1909f56bfc062723c751e8b465ee728b)  -> (artifact id: '00cb126658ac91ed70881844648b99bf') in 0.018365 seconds 
  Import took 0.021719 seconds .

========================================================================
Received Import Request.
  Time since last request: 10.715951 seconds.
  path: Assets/Art/UI/Btns_spritesheet.png
  artifactKey: Guid(977a823796188ee4b9ceaaa2458fb8f3) Importer(815301076,1909f56bfc062723c751e8b465ee728b)
Start importing Assets/Art/UI/Btns_spritesheet.png using Guid(977a823796188ee4b9ceaaa2458fb8f3) Importer(815301076,1909f56bfc062723c751e8b465ee728b)  -> (artifact id: '9cef5d42a350f755a0d733de957ed855') in 0.018113 seconds 
  Import took 0.021425 seconds .

========================================================================
Received Import Request.
  Time since last request: 15.682641 seconds.
  path: Assets/Art/UI/Btns_spritesheet.png
  artifactKey: Guid(977a823796188ee4b9ceaaa2458fb8f3) Importer(815301076,1909f56bfc062723c751e8b465ee728b)
Start importing Assets/Art/UI/Btns_spritesheet.png using Guid(977a823796188ee4b9ceaaa2458fb8f3) Importer(815301076,1909f56bfc062723c751e8b465ee728b)  -> (artifact id: 'c8dff9cc13a62955b5cb9aa97607ccb8') in 0.020895 seconds 
  Import took 0.023958 seconds .

========================================================================
Received Import Request.
  Time since last request: 201.431348 seconds.
  path: Assets/Art/UI/Btns_spritesheet.png
  artifactKey: Guid(977a823796188ee4b9ceaaa2458fb8f3) Importer(815301076,1909f56bfc062723c751e8b465ee728b)
Start importing Assets/Art/UI/Btns_spritesheet.png using Guid(977a823796188ee4b9ceaaa2458fb8f3) Importer(815301076,1909f56bfc062723c751e8b465ee728b)  -> (artifact id: 'f65982748173aa4dd2af8ef981a41557') in 0.017149 seconds 
  Import took 0.020270 seconds .

========================================================================
Received Import Request.
  Time since last request: 19.774090 seconds.
  path: Assets/Art/UI/Btns_spritesheet.png
  artifactKey: Guid(977a823796188ee4b9ceaaa2458fb8f3) Importer(815301076,1909f56bfc062723c751e8b465ee728b)
Start importing Assets/Art/UI/Btns_spritesheet.png using Guid(977a823796188ee4b9ceaaa2458fb8f3) Importer(815301076,1909f56bfc062723c751e8b465ee728b)  -> (artifact id: 'fe40ffb6bb90654c328f620494858d34') in 0.022429 seconds 
  Import took 0.025787 seconds .

========================================================================
Received Import Request.
  Time since last request: 12.137514 seconds.
  path: Assets/Art/UI/Btns_spritesheet.png
  artifactKey: Guid(977a823796188ee4b9ceaaa2458fb8f3) Importer(815301076,1909f56bfc062723c751e8b465ee728b)
Start importing Assets/Art/UI/Btns_spritesheet.png using Guid(977a823796188ee4b9ceaaa2458fb8f3) Importer(815301076,1909f56bfc062723c751e8b465ee728b)  -> (artifact id: '450ef78facd78776654cca94ba4f2ac3') in 0.024660 seconds 
  Import took 0.027934 seconds .

========================================================================
Received Prepare
Registering precompiled user dll's ...
Registered in 0.002898 seconds.
Begin MonoManager ReloadAssembly
Native extension for WindowsStandalone target not found
Refreshing native plugins compatible for Editor in 0.42 ms, found 3 plugins.
Preloading 0 native plugins for Editor in 0.00 ms.
Mono: successfully reloaded assembly
- Completed reload, in  0.810 seconds
Domain Reload Profiling:
	ReloadAssembly (811ms)
		BeginReloadAssembly (107ms)
			ExecutionOrderSort (0ms)
			DisableScriptedObjects (5ms)
			BackupInstance (0ms)
			ReleaseScriptingObjects (0ms)
			CreateAndSetChildDomain (32ms)
		EndReloadAssembly (660ms)
			LoadAssemblies (72ms)
			RebuildTransferFunctionScriptingTraits (0ms)
			SetupTypeCache (238ms)
			ReleaseScriptCaches (1ms)
			RebuildScriptCaches (35ms)
			SetupLoadedEditorAssemblies (234ms)
				LogAssemblyErrors (0ms)
				InitializePlatformSupportModulesInManaged (4ms)
				SetLoadedEditorAssemblies (0ms)
				RefreshPlugins (0ms)
				BeforeProcessingInitializeOnLoad (61ms)
				ProcessInitializeOnLoadAttributes (158ms)
				ProcessInitializeOnLoadMethodAttributes (9ms)
				AfterProcessingInitializeOnLoad (2ms)
				EditorAssembliesLoaded (0ms)
			ExecutionOrderSort2 (0ms)
			AwakeInstancesAfterBackupRestoration (8ms)
Platform modules already initialized, skipping
Refreshing native plugins compatible for Editor in 0.43 ms, found 3 plugins.
Preloading 0 native plugins for Editor in 0.00 ms.
Unloading 2176 Unused Serialized files (Serialized files now loaded: 0)
System memory in use before: 98.0 MB.
System memory in use after: 98.1 MB.

Unloading 17 unused Assets to reduce memory usage. Loaded Objects now: 2632.
Total: 3.404300 ms (FindLiveObjects: 0.231700 ms CreateObjectMapping: 0.130700 ms MarkObjects: 3.021400 ms  DeleteObjects: 0.019600 ms)

AssetImportParameters requested are different than current active one (requested -> active):
  custom:framework-win-MediaFoundation: 216162199b28c13a410421893ffa2e32 -> 
  custom:video-decoder-ogg-theora: a1e56fd34408186e4bbccfd4996cb3dc -> 
  custom:container-muxer-webm: aa71ff27fc2769a1b78a27578f13a17b -> 
  custom:container-demuxer-webm: 4f35f7cbe854078d1ac9338744f61a02 -> 
  custom:container-demuxer-ogg: 62fdf1f143b41e24485cea50d1cbac27 -> 
  custom:video-encoder-webm-vp8: eb34c28f22e8b96e1ab97ce403110664 -> 
  custom:video-decoder-webm-vp8: 9c59270c3fd7afecdb556c50c9e8de78 -> 
  custom:audio-decoder-ogg-vorbis: bf7c407c2cedff20999df2af8eb42d56 -> 
  custom:audio-encoder-webm-vorbis: bf7c407c2cedff20999df2af8eb42d56 -> 
========================================================================
Received Import Request.
  Time since last request: 181.324944 seconds.
  path: Assets/Art/Animation/Ui_Btns.controller
  artifactKey: Guid(8f3fb9c1c39d3ad42bcf7177afa83b17) Importer(815301076,1909f56bfc062723c751e8b465ee728b)
Start importing Assets/Art/Animation/Ui_Btns.controller using Guid(8f3fb9c1c39d3ad42bcf7177afa83b17) Importer(815301076,1909f56bfc062723c751e8b465ee728b)  -> (artifact id: '3ca511124b6b43ff61c2ce7fcd234ab2') in 0.010890 seconds 
  Import took 0.013818 seconds .

========================================================================
Received Import Request.
  Time since last request: 258.151563 seconds.
  path: Assets/Art/Animation/Btns.controller
  artifactKey: Guid(4a1680a75ab0c3b47975b5c425dc0eb5) Importer(815301076,1909f56bfc062723c751e8b465ee728b)
Start importing Assets/Art/Animation/Btns.controller using Guid(4a1680a75ab0c3b47975b5c425dc0eb5) Importer(815301076,1909f56bfc062723c751e8b465ee728b)  -> (artifact id: '6c6e424a424d3645689a2ad5c653b3e6') in 0.001608 seconds 
  Import took 0.004280 seconds .

========================================================================
Received Import Request.
  Time since last request: 95.389495 seconds.
  path: Assets/Scripts/LeverController.cs
  artifactKey: Guid(fcddca736dfb4f147a4a391731b3c896) Importer(815301076,1909f56bfc062723c751e8b465ee728b)
Start importing Assets/Scripts/LeverController.cs using Guid(fcddca736dfb4f147a4a391731b3c896) Importer(815301076,1909f56bfc062723c751e8b465ee728b)  -> (artifact id: '4dba6b75de79a668520b8bf7111d53b1') in 0.003214 seconds 
  Import took 0.006102 seconds .

